****                   ADMIXTURE Version 1.3.0                  ****
****                    Copyright 2008-2015                     ****
****           David Alexander, Suyash Shringarpure,            ****
****                John  Novembre, Ken Lange                   ****
****                                                            ****
****                 Please cite our paper!                     ****
****   Information at www.genetics.ucla.edu/software/admixture  ****

Cross-validation will be performed.  Folds=5.
Random seed: 43
Point estimation method: Block relaxation algorithm
Convergence acceleration algorithm: QuasiNewton, 3 secant conditions
Point estimation will terminate when objective function delta < 0.0001
Will perform 200 bootstrap resamplings to estimate standard errors.
Reestimation for each bootstrap replicate will terminate at 3 iterations
Size of G: 420x99
Average base pair separation between consecutive markers: 19586.2
Block size that will be used for block bootstrap: 511
Performing five EM steps to prime main algorithm
1 (EM) 	Elapsed: 0.001	Loglikelihood: -32747.1	(delta): 58860.9
2 (EM) 	Elapsed: 0.001	Loglikelihood: -32747.1	(delta): 0
3 (EM) 	Elapsed: 0	Loglikelihood: -32747.1	(delta): 0
4 (EM) 	Elapsed: 0.001	Loglikelihood: -32747.1	(delta): 0
5 (EM) 	Elapsed: 0.001	Loglikelihood: -32747.1	(delta): 0
Initial loglikelihood: -32747.1
Starting main algorithm
1 (QN/Block) 	Elapsed: 0.008	Loglikelihood: -32747.1	(delta): 0
Summary: 
Converged in 1 iterations (0.017 sec)
Loglikelihood: -32747.148150
CV error (K=1): 0.49072
Bootstrap replicate #0
