****                   ADMIXTURE Version 1.3.0                  ****
****                    Copyright 2008-2015                     ****
****           David Alexander, Suyash Shringarpure,            ****
****                John  Novembre, Ken Lange                   ****
****                                                            ****
****                 Please cite our paper!                     ****
****   Information at www.genetics.ucla.edu/software/admixture  ****

Cross-validation will be performed.  Folds=5.
Random seed: 43
Point estimation method: Block relaxation algorithm
Convergence acceleration algorithm: QuasiNewton, 3 secant conditions
Point estimation will terminate when objective function delta < 0.0001
Will perform 200 bootstrap resamplings to estimate standard errors.
Reestimation for each bootstrap replicate will terminate at 3 iterations
Size of G: 420x99
Average base pair separation between consecutive markers: 19586.2
Block size that will be used for block bootstrap: 511
Performing five EM steps to prime main algorithm
1 (EM) 	Elapsed: 0.002	Loglikelihood: -33772.2	(delta): 36582.8
2 (EM) 	Elapsed: 0.002	Loglikelihood: -33040.3	(delta): 731.99
3 (EM) 	Elapsed: 0.001	Loglikelihood: -32853.3	(delta): 187.004
4 (EM) 	Elapsed: 0.002	Loglikelihood: -32765.1	(delta): 88.1452
5 (EM) 	Elapsed: 0.002	Loglikelihood: -32723.1	(delta): 42.0507
Initial loglikelihood: -32723.1
Starting main algorithm
1 (QN/Block) 	Elapsed: 0.006	Loglikelihood: -32386.7	(delta): 336.349
2 (QN/Block) 	Elapsed: 0.006	Loglikelihood: -32285.3	(delta): 101.4
3 (QN/Block) 	Elapsed: 0.009	Loglikelihood: -32234.3	(delta): 50.9722
4 (QN/Block) 	Elapsed: 0.009	Loglikelihood: -32195.5	(delta): 38.8113
5 (QN/Block) 	Elapsed: 0.007	Loglikelihood: -32165.5	(delta): 30.0245
6 (QN/Block) 	Elapsed: 0.008	Loglikelihood: -32130.7	(delta): 34.8059
7 (QN/Block) 	Elapsed: 0.007	Loglikelihood: -32119.1	(delta): 11.604
8 (QN/Block) 	Elapsed: 0.009	Loglikelihood: -32101.8	(delta): 17.304
9 (QN/Block) 	Elapsed: 0.008	Loglikelihood: -32096.4	(delta): 5.371
10 (QN/Block) 	Elapsed: 0.009	Loglikelihood: -32095.3	(delta): 1.15633
11 (QN/Block) 	Elapsed: 0.009	Loglikelihood: -32094.9	(delta): 0.348308
12 (QN/Block) 	Elapsed: 0.007	Loglikelihood: -32094.9	(delta): 0.0422806
13 (QN/Block) 	Elapsed: 0.007	Loglikelihood: -32094.9	(delta): 0.00214161
14 (QN/Block) 	Elapsed: 0.007	Loglikelihood: -32094.9	(delta): 8.13807e-05
Summary: 
Converged in 14 iterations (0.133 sec)
Loglikelihood: -32094.865590
Fst divergences between estimated populations: 
	Pop0	
Pop0	
Pop1	0.113	
CV error (K=2): 0.51688
Bootstrap replicate #0
