****                   ADMIXTURE Version 1.3.0                  ****
****                    Copyright 2008-2015                     ****
****           David Alexander, Suyash Shringarpure,            ****
****                John  Novembre, Ken Lange                   ****
****                                                            ****
****                 Please cite our paper!                     ****
****   Information at www.genetics.ucla.edu/software/admixture  ****

Cross-validation will be performed.  Folds=5.
Random seed: 43
Point estimation method: Block relaxation algorithm
Convergence acceleration algorithm: QuasiNewton, 3 secant conditions
Point estimation will terminate when objective function delta < 0.0001
Will perform 200 bootstrap resamplings to estimate standard errors.
Reestimation for each bootstrap replicate will terminate at 3 iterations
Size of G: 420x99
Average base pair separation between consecutive markers: 19586.2
Block size that will be used for block bootstrap: 511
Performing five EM steps to prime main algorithm
1 (EM) 	Elapsed: 0.003	Loglikelihood: -34588.7	(delta): 35947.8
2 (EM) 	Elapsed: 0.003	Loglikelihood: -33354	(delta): 1234.77
3 (EM) 	Elapsed: 0.003	Loglikelihood: -33059.1	(delta): 294.901
4 (EM) 	Elapsed: 0.003	Loglikelihood: -32903.4	(delta): 155.618
5 (EM) 	Elapsed: 0.003	Loglikelihood: -32805.3	(delta): 98.1401
Initial loglikelihood: -32805.3
Starting main algorithm
1 (QN/Block) 	Elapsed: 0.012	Loglikelihood: -32106.1	(delta): 699.249
2 (QN/Block) 	Elapsed: 0.011	Loglikelihood: -31943.1	(delta): 162.95
3 (QN/Block) 	Elapsed: 0.009	Loglikelihood: -31832.8	(delta): 110.296
4 (QN/Block) 	Elapsed: 0.011	Loglikelihood: -31783.8	(delta): 48.9731
5 (QN/Block) 	Elapsed: 0.012	Loglikelihood: -31766.8	(delta): 17.0624
6 (QN/Block) 	Elapsed: 0.011	Loglikelihood: -31749.6	(delta): 17.1723
7 (QN/Block) 	Elapsed: 0.013	Loglikelihood: -31740.4	(delta): 9.17972
8 (QN/Block) 	Elapsed: 0.009	Loglikelihood: -31734.1	(delta): 6.2802
9 (QN/Block) 	Elapsed: 0.011	Loglikelihood: -31729.5	(delta): 4.62142
10 (QN/Block) 	Elapsed: 0.011	Loglikelihood: -31726.5	(delta): 3.03679
11 (QN/Block) 	Elapsed: 0.011	Loglikelihood: -31719.4	(delta): 7.13102
12 (QN/Block) 	Elapsed: 0.01	Loglikelihood: -31714.4	(delta): 4.98378
13 (QN/Block) 	Elapsed: 0.01	Loglikelihood: -31711.3	(delta): 3.07479
14 (QN/Block) 	Elapsed: 0.01	Loglikelihood: -31709.1	(delta): 2.2402
15 (QN/Block) 	Elapsed: 0.01	Loglikelihood: -31706.1	(delta): 2.9822
16 (QN/Block) 	Elapsed: 0.009	Loglikelihood: -31697.2	(delta): 8.8407
17 (QN/Block) 	Elapsed: 0.01	Loglikelihood: -31689.5	(delta): 7.76226
18 (QN/Block) 	Elapsed: 0.01	Loglikelihood: -31683.7	(delta): 5.77869
19 (QN/Block) 	Elapsed: 0.011	Loglikelihood: -31670.7	(delta): 12.9931
20 (QN/Block) 	Elapsed: 0.012	Loglikelihood: -31661.1	(delta): 9.6308
21 (QN/Block) 	Elapsed: 0.01	Loglikelihood: -31648.3	(delta): 12.7269
22 (QN/Block) 	Elapsed: 0.011	Loglikelihood: -31627.1	(delta): 21.279
23 (QN/Block) 	Elapsed: 0.011	Loglikelihood: -31616.2	(delta): 10.8325
24 (QN/Block) 	Elapsed: 0.011	Loglikelihood: -31609.6	(delta): 6.67583
25 (QN/Block) 	Elapsed: 0.012	Loglikelihood: -31606.1	(delta): 3.47298
26 (QN/Block) 	Elapsed: 0.011	Loglikelihood: -31604.6	(delta): 1.50386
27 (QN/Block) 	Elapsed: 0.012	Loglikelihood: -31604	(delta): 0.556174
28 (QN/Block) 	Elapsed: 0.01	Loglikelihood: -31603.4	(delta): 0.664773
29 (QN/Block) 	Elapsed: 0.011	Loglikelihood: -31602.8	(delta): 0.57724
30 (QN/Block) 	Elapsed: 0.01	Loglikelihood: -31601.3	(delta): 1.50553
31 (QN/Block) 	Elapsed: 0.011	Loglikelihood: -31600.7	(delta): 0.577859
32 (QN/Block) 	Elapsed: 0.01	Loglikelihood: -31600.2	(delta): 0.530562
33 (QN/Block) 	Elapsed: 0.009	Loglikelihood: -31599.4	(delta): 0.787375
34 (QN/Block) 	Elapsed: 0.009	Loglikelihood: -31598.7	(delta): 0.632177
35 (QN/Block) 	Elapsed: 0.01	Loglikelihood: -31598.1	(delta): 0.619691
36 (QN/Block) 	Elapsed: 0.009	Loglikelihood: -31597.8	(delta): 0.346226
37 (QN/Block) 	Elapsed: 0.01	Loglikelihood: -31597.2	(delta): 0.543807
38 (QN/Block) 	Elapsed: 0.01	Loglikelihood: -31597	(delta): 0.212435
39 (QN/Block) 	Elapsed: 0.012	Loglikelihood: -31596.7	(delta): 0.369879
40 (QN/Block) 	Elapsed: 0.009	Loglikelihood: -31595.2	(delta): 1.48795
41 (QN/Block) 	Elapsed: 0.01	Loglikelihood: -31594.4	(delta): 0.807623
42 (QN/Block) 	Elapsed: 0.01	Loglikelihood: -31593.9	(delta): 0.444733
43 (QN/Block) 	Elapsed: 0.013	Loglikelihood: -31593.6	(delta): 0.297473
44 (QN/Block) 	Elapsed: 0.011	Loglikelihood: -31592.8	(delta): 0.80864
45 (QN/Block) 	Elapsed: 0.011	Loglikelihood: -31590.9	(delta): 1.88708
46 (QN/Block) 	Elapsed: 0.01	Loglikelihood: -31589.5	(delta): 1.386
47 (QN/Block) 	Elapsed: 0.011	Loglikelihood: -31588.1	(delta): 1.467
48 (QN/Block) 	Elapsed: 0.011	Loglikelihood: -31585.5	(delta): 2.55559
49 (QN/Block) 	Elapsed: 0.01	Loglikelihood: -31584	(delta): 1.53143
50 (QN/Block) 	Elapsed: 0.01	Loglikelihood: -31581.7	(delta): 2.25556
51 (QN/Block) 	Elapsed: 0.011	Loglikelihood: -31580.9	(delta): 0.802925
52 (QN/Block) 	Elapsed: 0.011	Loglikelihood: -31579.8	(delta): 1.10503
53 (QN/Block) 	Elapsed: 0.011	Loglikelihood: -31579.2	(delta): 0.641993
54 (QN/Block) 	Elapsed: 0.011	Loglikelihood: -31578.4	(delta): 0.770795
55 (QN/Block) 	Elapsed: 0.011	Loglikelihood: -31577.2	(delta): 1.17563
56 (QN/Block) 	Elapsed: 0.01	Loglikelihood: -31575.9	(delta): 1.29467
57 (QN/Block) 	Elapsed: 0.01	Loglikelihood: -31575.2	(delta): 0.776188
58 (QN/Block) 	Elapsed: 0.009	Loglikelihood: -31574.5	(delta): 0.675539
59 (QN/Block) 	Elapsed: 0.009	Loglikelihood: -31574.4	(delta): 0.131251
60 (QN/Block) 	Elapsed: 0.009	Loglikelihood: -31574.2	(delta): 0.113798
61 (QN/Block) 	Elapsed: 0.01	Loglikelihood: -31574.2	(delta): 0.0205345
62 (QN/Block) 	Elapsed: 0.009	Loglikelihood: -31574.2	(delta): 0.00424145
63 (QN/Block) 	Elapsed: 0.009	Loglikelihood: -31574.2	(delta): 0.00142813
64 (QN/Block) 	Elapsed: 0.009	Loglikelihood: -31574.2	(delta): 0.000403786
65 (QN/Block) 	Elapsed: 0.01	Loglikelihood: -31574.2	(delta): 5.60884e-05
Summary: 
Converged in 65 iterations (0.757 sec)
Loglikelihood: -31574.210494
Fst divergences between estimated populations: 
	Pop0	Pop1	
Pop0	
Pop1	0.162	
Pop2	0.076	0.164	
CV error (K=3): 0.53415
Bootstrap replicate #0
