****                   ADMIXTURE Version 1.3.0                  ****
****                    Copyright 2008-2015                     ****
****           David Alexander, Suyash Shringarpure,            ****
****                John  Novembre, Ken Lange                   ****
****                                                            ****
****                 Please cite our paper!                     ****
****   Information at www.genetics.ucla.edu/software/admixture  ****

Cross-validation will be performed.  Folds=5.
Random seed: 43
Point estimation method: Block relaxation algorithm
Convergence acceleration algorithm: QuasiNewton, 3 secant conditions
Point estimation will terminate when objective function delta < 0.0001
Will perform 200 bootstrap resamplings to estimate standard errors.
Reestimation for each bootstrap replicate will terminate at 3 iterations
Size of G: 420x99
Average base pair separation between consecutive markers: 19586.2
Block size that will be used for block bootstrap: 511
Performing five EM steps to prime main algorithm
1 (EM) 	Elapsed: 0.006	Loglikelihood: -35145	(delta): 27256.5
2 (EM) 	Elapsed: 0.006	Loglikelihood: -33556.5	(delta): 1588.51
3 (EM) 	Elapsed: 0.006	Loglikelihood: -33189.1	(delta): 367.349
4 (EM) 	Elapsed: 0.006	Loglikelihood: -32972.6	(delta): 216.537
5 (EM) 	Elapsed: 0.005	Loglikelihood: -32825.9	(delta): 146.652
Initial loglikelihood: -32825.9
Starting main algorithm
1 (QN/Block) 	Elapsed: 0.014	Loglikelihood: -31425.6	(delta): 1400.34
2 (QN/Block) 	Elapsed: 0.014	Loglikelihood: -31073	(delta): 352.619
3 (QN/Block) 	Elapsed: 0.016	Loglikelihood: -30921.7	(delta): 151.218
4 (QN/Block) 	Elapsed: 0.017	Loglikelihood: -30831	(delta): 90.7884
5 (QN/Block) 	Elapsed: 0.016	Loglikelihood: -30796.8	(delta): 34.1205
6 (QN/Block) 	Elapsed: 0.013	Loglikelihood: -30775.5	(delta): 21.35
7 (QN/Block) 	Elapsed: 0.014	Loglikelihood: -30760.2	(delta): 15.3348
8 (QN/Block) 	Elapsed: 0.014	Loglikelihood: -30751.9	(delta): 8.30435
9 (QN/Block) 	Elapsed: 0.013	Loglikelihood: -30744.6	(delta): 7.25381
10 (QN/Block) 	Elapsed: 0.012	Loglikelihood: -30741	(delta): 3.57644
11 (QN/Block) 	Elapsed: 0.013	Loglikelihood: -30737.3	(delta): 3.73717
12 (QN/Block) 	Elapsed: 0.013	Loglikelihood: -30735.9	(delta): 1.4018
13 (QN/Block) 	Elapsed: 0.013	Loglikelihood: -30734.9	(delta): 0.974376
14 (QN/Block) 	Elapsed: 0.013	Loglikelihood: -30734.3	(delta): 0.565023
15 (QN/Block) 	Elapsed: 0.013	Loglikelihood: -30734.1	(delta): 0.194234
16 (QN/Block) 	Elapsed: 0.012	Loglikelihood: -30734	(delta): 0.171388
17 (QN/Block) 	Elapsed: 0.014	Loglikelihood: -30733.2	(delta): 0.815397
18 (QN/Block) 	Elapsed: 0.013	Loglikelihood: -30732.6	(delta): 0.532322
19 (QN/Block) 	Elapsed: 0.014	Loglikelihood: -30731.8	(delta): 0.818723
20 (QN/Block) 	Elapsed: 0.014	Loglikelihood: -30731.3	(delta): 0.470224
21 (QN/Block) 	Elapsed: 0.013	Loglikelihood: -30731.1	(delta): 0.252801
22 (QN/Block) 	Elapsed: 0.014	Loglikelihood: -30730.9	(delta): 0.221358
23 (QN/Block) 	Elapsed: 0.017	Loglikelihood: -30730.8	(delta): 0.0986431
24 (QN/Block) 	Elapsed: 0.013	Loglikelihood: -30730.7	(delta): 0.0520271
25 (QN/Block) 	Elapsed: 0.013	Loglikelihood: -30730.7	(delta): 0.0235345
26 (QN/Block) 	Elapsed: 0.013	Loglikelihood: -30730.7	(delta): 0.0242305
27 (QN/Block) 	Elapsed: 0.013	Loglikelihood: -30730.7	(delta): 0.00525606
28 (QN/Block) 	Elapsed: 0.013	Loglikelihood: -30730.7	(delta): 0.00211874
29 (QN/Block) 	Elapsed: 0.014	Loglikelihood: -30730.7	(delta): 0.00127855
30 (QN/Block) 	Elapsed: 0.014	Loglikelihood: -30730.7	(delta): 0.00174206
31 (QN/Block) 	Elapsed: 0.013	Loglikelihood: -30730.7	(delta): 0.000327197
32 (QN/Block) 	Elapsed: 0.013	Loglikelihood: -30730.7	(delta): 0.000409549
33 (QN/Block) 	Elapsed: 0.013	Loglikelihood: -30730.7	(delta): 0.000202052
34 (QN/Block) 	Elapsed: 0.013	Loglikelihood: -30730.7	(delta): 0.000121064
35 (QN/Block) 	Elapsed: 0.013	Loglikelihood: -30730.7	(delta): 0.000117262
36 (QN/Block) 	Elapsed: 0.013	Loglikelihood: -30730.7	(delta): 5.42551e-05
Summary: 
Converged in 36 iterations (0.558 sec)
Loglikelihood: -30730.655804
Fst divergences between estimated populations: 
	Pop0	Pop1	Pop2	Pop3	
Pop0	
Pop1	0.138	
Pop2	0.263	0.203	
Pop3	0.263	0.236	0.275	
Pop4	0.258	0.207	0.253	0.292	
CV error (K=5): 0.55830
Bootstrap replicate #0
